[0m20:18:27.994192 [debug] [MainThread]: Sending event: {'category': 'dbt', 'action': 'invocation', 'label': 'start', 'context': [<snowplow_tracker.self_describing_json.SelfDescribingJson object at 0x767a750138c0>, <snowplow_tracker.self_describing_json.SelfDescribingJson object at 0x767a7447d950>, <snowplow_tracker.self_describing_json.SelfDescribingJson object at 0x767a7420fd90>]}


============================== 20:18:27.999129 | e88a6a7c-9793-434a-9079-535f0267b673 ==============================
[0m20:18:27.999129 [info ] [MainThread]: Running with dbt=1.9.2
[0m20:18:27.999823 [debug] [MainThread]: running dbt with arguments {'printer_width': '80', 'indirect_selection': 'eager', 'log_cache_events': 'False', 'write_json': 'True', 'partial_parse': 'True', 'cache_selected_only': 'False', 'profiles_dir': '/home/aryan/.dbt', 'version_check': 'True', 'fail_fast': 'False', 'log_path': 'logs', 'debug': 'False', 'warn_error': 'None', 'use_colors': 'True', 'use_experimental_parser': 'False', 'empty': 'None', 'quiet': 'False', 'no_print': 'None', 'log_format': 'default', 'introspect': 'True', 'invocation_command': 'dbt init', 'static_parser': 'True', 'target_path': 'None', 'warn_error_options': 'WarnErrorOptions(include=[], exclude=[])', 'send_anonymous_usage_stats': 'True'}
[0m20:18:32.359188 [debug] [MainThread]: Starter project path: /home/aryan/.local/share/mise/installs/python/3.13.1/lib/python3.13/site-packages/dbt/include/starter_project
[0m20:18:32.362347 [info ] [MainThread]: 
Your new dbt project "custom_postgres" was created!

For more information on how to configure the profiles.yml file,
please consult the dbt documentation here:

  https://docs.getdbt.com/docs/configure-your-profile

One more thing:

Need help? Don't hesitate to reach out to us via GitHub issues or on Slack:

  https://community.getdbt.com/

Happy modeling!

[0m20:18:32.363016 [info ] [MainThread]: Setting up your profile.
[0m20:21:57.759233 [info ] [MainThread]: Profile custom_postgres written to /home/aryan/.dbt/profiles.yml using target's profile_template.yml and your supplied values. Run 'dbt debug' to validate the connection.
[0m20:21:57.763198 [debug] [MainThread]: Resource report: {"command_name": "init", "command_success": true, "command_wall_clock_time": 209.8367, "process_in_blocks": "0", "process_kernel_time": 0.123038, "process_mem_max_rss": "96824", "process_out_blocks": "80", "process_user_time": 1.584786}
[0m20:21:57.765878 [debug] [MainThread]: Command `dbt init` succeeded at 20:21:57.765293 after 209.84 seconds
[0m20:21:57.768267 [debug] [MainThread]: Sending event: {'category': 'dbt', 'action': 'invocation', 'label': 'end', 'context': [<snowplow_tracker.self_describing_json.SelfDescribingJson object at 0x767a74106650>, <snowplow_tracker.self_describing_json.SelfDescribingJson object at 0x767a75d37650>, <snowplow_tracker.self_describing_json.SelfDescribingJson object at 0x767a740f86b0>]}
[0m20:21:57.770333 [debug] [MainThread]: Flushing usage events
[0m20:22:11.419261 [debug] [MainThread]: An error was encountered while trying to flush usage events
[0m20:22:35.730747 [debug] [MainThread]: Sending event: {'category': 'dbt', 'action': 'invocation', 'label': 'start', 'context': [<snowplow_tracker.self_describing_json.SelfDescribingJson object at 0x7859985ab8c0>, <snowplow_tracker.self_describing_json.SelfDescribingJson object at 0x785997855950>, <snowplow_tracker.self_describing_json.SelfDescribingJson object at 0x7859977ebd90>]}


============================== 20:22:35.736586 | 8f6a5e28-1f50-48f5-8be0-5ac113b89dc3 ==============================
[0m20:22:35.736586 [info ] [MainThread]: Running with dbt=1.9.2
[0m20:22:35.737695 [debug] [MainThread]: running dbt with arguments {'printer_width': '80', 'indirect_selection': 'eager', 'write_json': 'True', 'log_cache_events': 'False', 'partial_parse': 'True', 'cache_selected_only': 'False', 'warn_error': 'None', 'fail_fast': 'False', 'profiles_dir': '/home/aryan/.dbt', 'log_path': 'logs', 'version_check': 'True', 'debug': 'False', 'use_colors': 'True', 'use_experimental_parser': 'False', 'no_print': 'None', 'quiet': 'False', 'empty': 'None', 'warn_error_options': 'WarnErrorOptions(include=[], exclude=[])', 'introspect': 'True', 'invocation_command': 'dbt debug', 'log_format': 'default', 'target_path': 'None', 'static_parser': 'True', 'send_anonymous_usage_stats': 'True'}
[0m20:22:35.749275 [info ] [MainThread]: dbt version: 1.9.2
[0m20:22:35.750067 [info ] [MainThread]: python version: 3.13.1
[0m20:22:35.750567 [info ] [MainThread]: python path: /home/aryan/.local/share/mise/installs/python/3.13.1/bin/python
[0m20:22:35.751031 [info ] [MainThread]: os info: Linux-6.8.0-52-generic-x86_64-with-glibc2.39
[0m20:22:35.829702 [info ] [MainThread]: Using profiles dir at /home/aryan/.dbt
[0m20:22:35.830254 [info ] [MainThread]: Using profiles.yml file at /home/aryan/.dbt/profiles.yml
[0m20:22:35.830582 [info ] [MainThread]: Using dbt_project.yml file at /home/aryan/Bad-ass/elt/dbt_project.yml
[0m20:22:35.831089 [info ] [MainThread]: adapter type: postgres
[0m20:22:35.831434 [info ] [MainThread]: adapter version: 1.9.0
[0m20:22:35.831757 [info ] [MainThread]: Configuration:
[0m20:22:35.832036 [info ] [MainThread]:   profiles.yml file [[32mOK found and valid[0m]
[0m20:22:35.832305 [info ] [MainThread]:   dbt_project.yml file [[31mERROR not found[0m]
[0m20:22:35.832568 [info ] [MainThread]: Required dependencies:
[0m20:22:35.832883 [debug] [MainThread]: Executing "git --help"
[0m20:22:35.836413 [debug] [MainThread]: STDOUT: "b"usage: git [-v | --version] [-h | --help] [-C <path>] [-c <name>=<value>]\n           [--exec-path[=<path>]] [--html-path] [--man-path] [--info-path]\n           [-p | --paginate | -P | --no-pager] [--no-replace-objects] [--bare]\n           [--git-dir=<path>] [--work-tree=<path>] [--namespace=<name>]\n           [--config-env=<name>=<envvar>] <command> [<args>]\n\nThese are common Git commands used in various situations:\n\nstart a working area (see also: git help tutorial)\n   clone     Clone a repository into a new directory\n   init      Create an empty Git repository or reinitialize an existing one\n\nwork on the current change (see also: git help everyday)\n   add       Add file contents to the index\n   mv        Move or rename a file, a directory, or a symlink\n   restore   Restore working tree files\n   rm        Remove files from the working tree and from the index\n\nexamine the history and state (see also: git help revisions)\n   bisect    Use binary search to find the commit that introduced a bug\n   diff      Show changes between commits, commit and working tree, etc\n   grep      Print lines matching a pattern\n   log       Show commit logs\n   show      Show various types of objects\n   status    Show the working tree status\n\ngrow, mark and tweak your common history\n   branch    List, create, or delete branches\n   commit    Record changes to the repository\n   merge     Join two or more development histories together\n   rebase    Reapply commits on top of another base tip\n   reset     Reset current HEAD to the specified state\n   switch    Switch branches\n   tag       Create, list, delete or verify a tag object signed with GPG\n\ncollaborate (see also: git help workflows)\n   fetch     Download objects and refs from another repository\n   pull      Fetch from and integrate with another repository or a local branch\n   push      Update remote refs along with associated objects\n\n'git help -a' and 'git help -g' list available subcommands and some\nconcept guides. See 'git help <command>' or 'git help <concept>'\nto read about a specific subcommand or concept.\nSee 'git help git' for an overview of the system.\n""
[0m20:22:35.837517 [debug] [MainThread]: STDERR: "b''"
[0m20:22:35.838155 [info ] [MainThread]:  - git [[32mOK found[0m]

[0m20:22:35.838599 [info ] [MainThread]: Connection:
[0m20:22:35.839046 [info ] [MainThread]:   host: 1
[0m20:22:35.839433 [info ] [MainThread]:   port: 5434
[0m20:22:35.839826 [info ] [MainThread]:   user: postgres
[0m20:22:35.840206 [info ] [MainThread]:   database: destination_db
[0m20:22:35.840589 [info ] [MainThread]:   schema: public
[0m20:22:35.841022 [info ] [MainThread]:   connect_timeout: 10
[0m20:22:35.841439 [info ] [MainThread]:   role: None
[0m20:22:35.841849 [info ] [MainThread]:   search_path: None
[0m20:22:35.842232 [info ] [MainThread]:   keepalives_idle: 0
[0m20:22:35.842603 [info ] [MainThread]:   sslmode: None
[0m20:22:35.842998 [info ] [MainThread]:   sslcert: None
[0m20:22:35.843346 [info ] [MainThread]:   sslkey: None
[0m20:22:35.843690 [info ] [MainThread]:   sslrootcert: None
[0m20:22:35.844052 [info ] [MainThread]:   application_name: dbt
[0m20:22:35.844394 [info ] [MainThread]:   retries: 1
[0m20:22:35.845042 [info ] [MainThread]: Registered adapter: postgres=1.9.0
[0m20:22:35.937743 [debug] [MainThread]: Acquiring new postgres connection 'debug'
[0m20:22:35.966911 [debug] [MainThread]: Using postgres connection "debug"
[0m20:22:35.967485 [debug] [MainThread]: On debug: select 1 as id
[0m20:22:35.967908 [debug] [MainThread]: Opening a new connection, currently in state init
[0m20:22:45.979996 [debug] [MainThread]: Postgres adapter: Got a retryable error when attempting to open a postgres connection.
1 attempts remaining. Retrying in 0 seconds.
Error:
connection to server at "1" (0.0.0.1), port 5434 failed: timeout expired

[0m20:22:55.985635 [debug] [MainThread]: Postgres adapter: Error running SQL: select 1 as id
[0m20:22:55.986794 [debug] [MainThread]: Postgres adapter: Rolling back transaction.
[0m20:22:55.987561 [debug] [MainThread]: On debug: No close available on handle
[0m20:22:55.988306 [info ] [MainThread]:   Connection test: [[31mERROR[0m]

[0m20:22:55.989336 [info ] [MainThread]: [31m2 checks failed:[0m
[0m20:22:55.990099 [info ] [MainThread]: Project loading failed for the following reason:
 project path </home/aryan/Bad-ass/elt/dbt_project.yml> not found

[0m20:22:55.990809 [info ] [MainThread]: dbt was unable to connect to the specified database.
The database returned the following error:

  >Database Error
  connection to server at "1" (0.0.0.1), port 5434 failed: timeout expired
  

Check your database credentials and try again. For more information, visit:
https://docs.getdbt.com/docs/configure-your-profile


[0m20:22:55.992545 [debug] [MainThread]: Resource report: {"command_name": "debug", "command_success": false, "command_wall_clock_time": 20.32491, "process_in_blocks": "1960", "process_kernel_time": 0.173855, "process_mem_max_rss": "103020", "process_out_blocks": "80", "process_user_time": 1.631639}
[0m20:22:55.993774 [debug] [MainThread]: Command `dbt debug` failed at 20:22:55.993530 after 20.33 seconds
[0m20:22:55.994473 [debug] [MainThread]: Connection 'debug' was properly closed.
[0m20:22:55.995114 [debug] [MainThread]: Sending event: {'category': 'dbt', 'action': 'invocation', 'label': 'end', 'context': [<snowplow_tracker.self_describing_json.SelfDescribingJson object at 0x785996d2c8a0>, <snowplow_tracker.self_describing_json.SelfDescribingJson object at 0x7859973de7b0>, <snowplow_tracker.self_describing_json.SelfDescribingJson object at 0x7859976e1150>]}
[0m20:22:55.996389 [debug] [MainThread]: Flushing usage events
[0m20:22:57.451814 [debug] [MainThread]: An error was encountered while trying to flush usage events
